# JRE version: Java(TM) SE Runtime Environment (11.0.2+9) (build 11.0.2+9-LTS)
# Java VM: Java HotSpot(TM) 64-Bit Server VM (11.0.2+9-LTS, mixed mode, tiered, compressed oops, g1 gc, windows-amd64)
Heap:
 garbage-first heap   total 89088K, used 68508K [0x0000000090000000, 0x0000000100000000)
  region size 1024K, 42 young (43008K), 3 survivors (3072K)
 Metaspace       used 75069K, capacity 76825K, committed 77048K, reserved 1116160K
  class space    used 9437K, capacity 10139K, committed 10240K, reserved 1048576K
GC Heap History (10 events):
Event: 5.955 GC heap after
{Heap after GC invocations=11 (full 0):
 garbage-first heap   total 187392K, used 22600K [0x0000000090000000, 0x0000000100000000)
  region size 1024K, 7 young (7168K), 7 survivors (7168K)
 Metaspace       used 58562K, capacity 59708K, committed 59904K, reserved 1101824K
  class space    used 7473K, capacity 7911K, committed 7936K, reserved 1048576K
}
Event: 15.719 GC heap before
{Heap before GC invocations=12 (full 0):
 garbage-first heap   total 187392K, used 117832K [0x0000000090000000, 0x0000000100000000)
  region size 1024K, 101 young (103424K), 7 survivors (7168K)
 Metaspace       used 70387K, capacity 71903K, committed 72184K, reserved 1112064K
  class space    used 9012K, capacity 9636K, committed 9728K, reserved 1048576K
}
Event: 15.745 GC heap after
{Heap after GC invocations=13 (full 0):
 garbage-first heap   total 187392K, used 28638K [0x0000000090000000, 0x0000000100000000)
  region size 1024K, 13 young (13312K), 13 survivors (13312K)
 Metaspace       used 70387K, capacity 71903K, committed 72184K, reserved 1112064K
  class space    used 9012K, capacity 9636K, committed 9728K, reserved 1048576K
}
Event: 76.525 GC heap before
{Heap before GC invocations=13 (full 0):
 garbage-first heap   total 187392K, used 60382K [0x0000000090000000, 0x0000000100000000)
  region size 1024K, 45 young (46080K), 13 survivors (13312K)
 Metaspace       used 74035K, capacity 75757K, committed 75896K, reserved 1116160K
  class space    used 9391K, capacity 10035K, committed 10112K, reserved 1048576K
}
Event: 76.609 GC heap after
{Heap after GC invocations=14 (full 1):
 garbage-first heap   total 89088K, used 24248K [0x0000000090000000, 0x0000000100000000)
  region size 1024K, 0 young (0K), 0 survivors (0K)
 Metaspace       used 74035K, capacity 75757K, committed 75896K, reserved 1116160K
  class space    used 9391K, capacity 10035K, committed 10112K, reserved 1048576K
}
Event: 77.157 GC heap before
{Heap before GC invocations=14 (full 1):
 garbage-first heap   total 89088K, used 65208K [0x0000000090000000, 0x0000000100000000)
  region size 1024K, 41 young (41984K), 0 survivors (0K)
 Metaspace       used 74299K, capacity 76045K, committed 76152K, reserved 1116160K
  class space    used 9408K, capacity 10083K, committed 10112K, reserved 1048576K
}
Event: 77.161 GC heap after
{Heap after GC invocations=15 (full 1):
 garbage-first heap   total 89088K, used 27320K [0x0000000090000000, 0x0000000100000000)
  region size 1024K, 3 young (3072K), 3 survivors (3072K)
 Metaspace       used 74299K, capacity 76045K, committed 76152K, reserved 1116160K
  class space    used 9408K, capacity 10083K, committed 10112K, reserved 1048576K
}
Event: 77.242 GC heap before
{Heap before GC invocations=15 (full 1):
 garbage-first heap   total 89088K, used 67256K [0x0000000090000000, 0x0000000100000000)
  region size 1024K, 43 young (44032K), 3 survivors (3072K)
 Metaspace       used 74339K, capacity 76049K, committed 76152K, reserved 1116160K
  class space    used 9409K, capacity 10083K, committed 10112K, reserved 1048576K
}
Event: 77.245 GC heap after
{Heap after GC invocations=16 (full 1):
 garbage-first heap   total 89088K, used 26706K [0x0000000090000000, 0x0000000100000000)
  region size 1024K, 3 young (3072K), 3 survivors (3072K)
 Metaspace       used 74339K, capacity 76049K, committed 76152K, reserved 1116160K
  class space    used 9409K, capacity 10083K, committed 10112K, reserved 1048576K
}
Event: 89.369 GC heap before
{Heap before GC invocations=16 (full 1):
 garbage-first heap   total 89088K, used 67666K [0x0000000090000000, 0x0000000100000000)
  region size 1024K, 42 young (43008K), 3 survivors (3072K)
 Metaspace       used 75069K, capacity 76825K, committed 77048K, reserved 1116160K
  class space    used 9437K, capacity 10139K, committed 10240K, reserved 1048576K
}

